<?xml version="1.0" encoding="UTF-8"?>
<testsuite xmlns:xsi="http://www.w3.org/2001/XMLSchema-instance" xsi:noNamespaceSchemaLocation="https://maven.apache.org/surefire/maven-surefire-plugin/xsd/surefire-test-report.xsd" name="com.whoana.util.KoreanCalculatorTest" time="0.151" tests="4" errors="0" skipped="0" failures="0">
  <properties>
    <property name="gopherProxySet" value="false"/>
    <property name="awt.toolkit" value="sun.lwawt.macosx.LWCToolkit"/>
    <property name="file.encoding.pkg" value="sun.io"/>
    <property name="java.specification.version" value="1.8"/>
    <property name="sun.cpu.isalist" value=""/>
    <property name="sun.jnu.encoding" value="UTF-8"/>
    <property name="java.class.path" value="/Users/whoana/DEV/workspace-study/korean-calculator/lib/target/test-classes:/Users/whoana/DEV/workspace-study/korean-calculator/lib/target/classes:/Users/whoana/.m2/repository/junit/junit/4.12/junit-4.12.jar:/Users/whoana/.m2/repository/org/hamcrest/hamcrest-core/1.3/hamcrest-core-1.3.jar:"/>
    <property name="java.vm.vendor" value="Azul Systems, Inc."/>
    <property name="sun.arch.data.model" value="64"/>
    <property name="java.vendor.url" value="http://www.azul.com/"/>
    <property name="user.timezone" value=""/>
    <property name="java.vm.specification.version" value="1.8"/>
    <property name="os.name" value="Mac OS X"/>
    <property name="user.country" value="KR"/>
    <property name="sun.java.launcher" value="SUN_STANDARD"/>
    <property name="sun.boot.library.path" value="/Library/Java/JavaVirtualMachines/zulu-8.jdk/Contents/Home/jre/lib"/>
    <property name="sun.java.command" value="/Users/whoana/DEV/workspace-study/korean-calculator/lib/target/surefire/surefirebooter6171608435736952834.jar /Users/whoana/DEV/workspace-study/korean-calculator/lib/target/surefire 2023-02-13T16-04-33_199-jvmRun1 surefire4141185295619860090tmp surefire_06002850106479189193tmp"/>
    <property name="http.nonProxyHosts" value="local|*.local|169.254/16|*.169.254/16|127.0.0.1:21300|*.127.0.0.1:21300"/>
    <property name="surefire.test.class.path" value="/Users/whoana/DEV/workspace-study/korean-calculator/lib/target/test-classes:/Users/whoana/DEV/workspace-study/korean-calculator/lib/target/classes:/Users/whoana/.m2/repository/junit/junit/4.12/junit-4.12.jar:/Users/whoana/.m2/repository/org/hamcrest/hamcrest-core/1.3/hamcrest-core-1.3.jar:"/>
    <property name="sun.cpu.endian" value="little"/>
    <property name="user.home" value="/Users/whoana"/>
    <property name="user.language" value="ko"/>
    <property name="java.specification.vendor" value="Oracle Corporation"/>
    <property name="java.home" value="/Library/Java/JavaVirtualMachines/zulu-8.jdk/Contents/Home/jre"/>
    <property name="basedir" value="/Users/whoana/DEV/workspace-study/korean-calculator/lib"/>
    <property name="file.separator" value="/"/>
    <property name="line.separator" value="&#10;"/>
    <property name="jdk.vendor.version" value="Zulu 8.62.0.19-CA-macosx"/>
    <property name="java.vm.specification.vendor" value="Oracle Corporation"/>
    <property name="java.specification.name" value="Java Platform API Specification"/>
    <property name="java.awt.graphicsenv" value="sun.awt.CGraphicsEnvironment"/>
    <property name="surefire.real.class.path" value="/Users/whoana/DEV/workspace-study/korean-calculator/lib/target/surefire/surefirebooter6171608435736952834.jar"/>
    <property name="sun.boot.class.path" value="/Library/Java/JavaVirtualMachines/zulu-8.jdk/Contents/Home/jre/lib/resources.jar:/Library/Java/JavaVirtualMachines/zulu-8.jdk/Contents/Home/jre/lib/rt.jar:/Library/Java/JavaVirtualMachines/zulu-8.jdk/Contents/Home/jre/lib/sunrsasign.jar:/Library/Java/JavaVirtualMachines/zulu-8.jdk/Contents/Home/jre/lib/jsse.jar:/Library/Java/JavaVirtualMachines/zulu-8.jdk/Contents/Home/jre/lib/jce.jar:/Library/Java/JavaVirtualMachines/zulu-8.jdk/Contents/Home/jre/lib/charsets.jar:/Library/Java/JavaVirtualMachines/zulu-8.jdk/Contents/Home/jre/lib/jfr.jar:/Library/Java/JavaVirtualMachines/zulu-8.jdk/Contents/Home/jre/lib/cat.jar:/Library/Java/JavaVirtualMachines/zulu-8.jdk/Contents/Home/jre/classes"/>
    <property name="sun.management.compiler" value="HotSpot 64-Bit Tiered Compilers"/>
    <property name="ftp.nonProxyHosts" value="local|*.local|169.254/16|*.169.254/16|127.0.0.1:21300|*.127.0.0.1:21300"/>
    <property name="java.runtime.version" value="1.8.0_332-b09"/>
    <property name="user.name" value="whoana"/>
    <property name="path.separator" value=":"/>
    <property name="os.version" value="10.16"/>
    <property name="java.endorsed.dirs" value="/Library/Java/JavaVirtualMachines/zulu-8.jdk/Contents/Home/jre/lib/endorsed"/>
    <property name="java.runtime.name" value="OpenJDK Runtime Environment"/>
    <property name="file.encoding" value="UTF-8"/>
    <property name="java.vm.name" value="OpenJDK 64-Bit Server VM"/>
    <property name="localRepository" value="/Users/whoana/.m2/repository"/>
    <property name="java.vendor.url.bug" value="http://www.azul.com/support/"/>
    <property name="java.io.tmpdir" value="/var/folders/_v/w0rpvnr55xx7cqfr7_ss8m8w0000gn/T/"/>
    <property name="java.version" value="1.8.0_332"/>
    <property name="user.dir" value="/Users/whoana/DEV/workspace-study/korean-calculator/lib"/>
    <property name="os.arch" value="x86_64"/>
    <property name="java.vm.specification.name" value="Java Virtual Machine Specification"/>
    <property name="java.awt.printerjob" value="sun.lwawt.macosx.CPrinterJob"/>
    <property name="user.language.format" value="ko-Kore"/>
    <property name="sun.os.patch.level" value="unknown"/>
    <property name="java.library.path" value="/Users/whoana/Library/Java/Extensions:/Library/Java/Extensions:/Network/Library/Java/Extensions:/System/Library/Java/Extensions:/usr/lib/java:."/>
    <property name="java.vm.info" value="mixed mode"/>
    <property name="java.vendor" value="Azul Systems, Inc."/>
    <property name="java.vm.version" value="25.332-b09"/>
    <property name="java.ext.dirs" value="/Users/whoana/Library/Java/Extensions:/Library/Java/JavaVirtualMachines/zulu-8.jdk/Contents/Home/jre/lib/ext:/Library/Java/Extensions:/Network/Library/Java/Extensions:/System/Library/Java/Extensions:/usr/lib/java"/>
    <property name="sun.io.unicode.encoding" value="UnicodeBig"/>
    <property name="java.class.version" value="52.0"/>
    <property name="socksNonProxyHosts" value="local|*.local|169.254/16|*.169.254/16|127.0.0.1:21300|*.127.0.0.1:21300"/>
  </properties>
  <testcase name="testToNumber" classname="com.whoana.util.KoreanCalculatorTest" time="0.002"/>
  <testcase name="testToKorNumber" classname="com.whoana.util.KoreanCalculatorTest" time="0"/>
  <testcase name="testCalculate" classname="com.whoana.util.KoreanCalculatorTest" time="0"/>
  <testcase name="testToNumbers" classname="com.whoana.util.KoreanCalculatorTest" time="0.019"/>
</testsuite>